Performing C SOURCE FILE Test CMAKE_HAVE_LIBC_PTHREAD failed with the following output:
Change Dir: /home/sgl/Github/catkin_wa/src/OV_test/object_msgs/obj-x86_64-linux-gnu/CMakeFiles/CMakeTmp

Run Build Command(s):/usr/bin/make cmTC_47106/fast && make[2]: Entering directory '/home/sgl/Github/catkin_wa/src/OV_test/object_msgs/obj-x86_64-linux-gnu/CMakeFiles/CMakeTmp'
/usr/bin/make  -f CMakeFiles/cmTC_47106.dir/build.make CMakeFiles/cmTC_47106.dir/build
make[3]: Entering directory '/home/sgl/Github/catkin_wa/src/OV_test/object_msgs/obj-x86_64-linux-gnu/CMakeFiles/CMakeTmp'
Building C object CMakeFiles/cmTC_47106.dir/src.c.o
/usr/bin/cc   -g -O2 -fdebug-prefix-map=/home/sgl/Github/catkin_wa/src/OV_test/object_msgs=. -fstack-protector-strong -Wformat -Werror=format-security -Wdate-time -D_FORTIFY_SOURCE=2 -DCMAKE_HAVE_LIBC_PTHREAD -o CMakeFiles/cmTC_47106.dir/src.c.o -c /home/sgl/Github/catkin_wa/src/OV_test/object_msgs/obj-x86_64-linux-gnu/CMakeFiles/CMakeTmp/src.c
Linking C executable cmTC_47106
/usr/local/bin/cmake -E cmake_link_script CMakeFiles/cmTC_47106.dir/link.txt --verbose=1
/usr/bin/cc -g -O2 -fdebug-prefix-map=/home/sgl/Github/catkin_wa/src/OV_test/object_msgs=. -fstack-protector-strong -Wformat -Werror=format-security -Wdate-time -D_FORTIFY_SOURCE=2 -DCMAKE_HAVE_LIBC_PTHREAD -rdynamic CMakeFiles/cmTC_47106.dir/src.c.o -o cmTC_47106 
CMakeFiles/cmTC_47106.dir/src.c.o: In function `main':
./obj-x86_64-linux-gnu/CMakeFiles/CMakeTmp/./obj-x86_64-linux-gnu/CMakeFiles/CMakeTmp/src.c:11: undefined reference to `pthread_create'
./obj-x86_64-linux-gnu/CMakeFiles/CMakeTmp/./obj-x86_64-linux-gnu/CMakeFiles/CMakeTmp/src.c:12: undefined reference to `pthread_detach'
./obj-x86_64-linux-gnu/CMakeFiles/CMakeTmp/./obj-x86_64-linux-gnu/CMakeFiles/CMakeTmp/src.c:13: undefined reference to `pthread_cancel'
./obj-x86_64-linux-gnu/CMakeFiles/CMakeTmp/./obj-x86_64-linux-gnu/CMakeFiles/CMakeTmp/src.c:14: undefined reference to `pthread_join'
./obj-x86_64-linux-gnu/CMakeFiles/CMakeTmp/./obj-x86_64-linux-gnu/CMakeFiles/CMakeTmp/src.c:15: undefined reference to `pthread_atfork'
collect2: error: ld returned 1 exit status
CMakeFiles/cmTC_47106.dir/build.make:105: recipe for target 'cmTC_47106' failed
make[3]: *** [cmTC_47106] Error 1
make[3]: Leaving directory '/home/sgl/Github/catkin_wa/src/OV_test/object_msgs/obj-x86_64-linux-gnu/CMakeFiles/CMakeTmp'
Makefile:140: recipe for target 'cmTC_47106/fast' failed
make[2]: *** [cmTC_47106/fast] Error 2
make[2]: Leaving directory '/home/sgl/Github/catkin_wa/src/OV_test/object_msgs/obj-x86_64-linux-gnu/CMakeFiles/CMakeTmp'


Source file was:
#include <pthread.h>

void* test_func(void* data)
{
  return data;
}

int main(void)
{
  pthread_t thread;
  pthread_create(&thread, NULL, test_func, NULL);
  pthread_detach(thread);
  pthread_cancel(thread);
  pthread_join(thread, NULL);
  pthread_atfork(NULL, NULL, NULL);
  pthread_exit(NULL);

  return 0;
}

Determining if the function pthread_create exists in the pthreads failed with the following output:
Change Dir: /home/sgl/Github/catkin_wa/src/OV_test/object_msgs/obj-x86_64-linux-gnu/CMakeFiles/CMakeTmp

Run Build Command(s):/usr/bin/make cmTC_80db2/fast && make[2]: Entering directory '/home/sgl/Github/catkin_wa/src/OV_test/object_msgs/obj-x86_64-linux-gnu/CMakeFiles/CMakeTmp'
/usr/bin/make  -f CMakeFiles/cmTC_80db2.dir/build.make CMakeFiles/cmTC_80db2.dir/build
make[3]: Entering directory '/home/sgl/Github/catkin_wa/src/OV_test/object_msgs/obj-x86_64-linux-gnu/CMakeFiles/CMakeTmp'
Building C object CMakeFiles/cmTC_80db2.dir/CheckFunctionExists.c.o
/usr/bin/cc   -g -O2 -fdebug-prefix-map=/home/sgl/Github/catkin_wa/src/OV_test/object_msgs=. -fstack-protector-strong -Wformat -Werror=format-security -Wdate-time -D_FORTIFY_SOURCE=2 -DCHECK_FUNCTION_EXISTS=pthread_create -o CMakeFiles/cmTC_80db2.dir/CheckFunctionExists.c.o -c /usr/local/share/cmake-3.18/Modules/CheckFunctionExists.c
Linking C executable cmTC_80db2
/usr/local/bin/cmake -E cmake_link_script CMakeFiles/cmTC_80db2.dir/link.txt --verbose=1
/usr/bin/cc -g -O2 -fdebug-prefix-map=/home/sgl/Github/catkin_wa/src/OV_test/object_msgs=. -fstack-protector-strong -Wformat -Werror=format-security -Wdate-time -D_FORTIFY_SOURCE=2 -DCHECK_FUNCTION_EXISTS=pthread_create -rdynamic CMakeFiles/cmTC_80db2.dir/CheckFunctionExists.c.o -o cmTC_80db2  -lpthreads 
/usr/bin/ld: cannot find -lpthreads
collect2: error: ld returned 1 exit status
CMakeFiles/cmTC_80db2.dir/build.make:105: recipe for target 'cmTC_80db2' failed
make[3]: *** [cmTC_80db2] Error 1
make[3]: Leaving directory '/home/sgl/Github/catkin_wa/src/OV_test/object_msgs/obj-x86_64-linux-gnu/CMakeFiles/CMakeTmp'
Makefile:140: recipe for target 'cmTC_80db2/fast' failed
make[2]: *** [cmTC_80db2/fast] Error 2
make[2]: Leaving directory '/home/sgl/Github/catkin_wa/src/OV_test/object_msgs/obj-x86_64-linux-gnu/CMakeFiles/CMakeTmp'



